<?xml version="1.0" encoding="UTF-8"?>
<!-- Generated by org.testng.reporters.JUnitXMLReporter -->
<testsuite ignored="0" hostname="DESKTOP-PN8R175" failures="0" tests="3" name="Default test" time="16.538" errors="0" timestamp="2022-03-31T07:12:46 EDT">
  <testcase classname="com.EBanking.Qa.Testcases.EB_NewCustomerPageTest" name="Entering_ncdetailsTest" time="1.418"/>
  <testcase classname="com.EBanking.Qa.Testcases.EB_NewCustomerPageTest" name="Entering_ncdetailsTest" time="1.554"/>
  <testcase classname="com.EBanking.Qa.Testcases.EB_NewCustomerPageTest" name="Entering_ncdetailsTest" time="1.479"/>
</testsuite> <!-- Default test -->
