<?xml version="1.0" encoding="UTF-8"?>
<testng-results ignored="0" total="3" passed="3" failed="0" skipped="0">
  <reporter-output>
  </reporter-output>
  <suite started-at="2022-03-31T07:12:29 EDT" name="Default suite" finished-at="2022-03-31T07:12:46 EDT" duration-ms="16538">
    <groups>
    </groups>
    <test started-at="2022-03-31T07:12:29 EDT" name="Default test" finished-at="2022-03-31T07:12:46 EDT" duration-ms="16538">
      <class name="com.EBanking.Qa.Testcases.EB_NewCustomerPageTest">
        <test-method is-config="true" signature="setup()[pri:0, instance:com.EBanking.Qa.Testcases.EB_NewCustomerPageTest@7f0eb4b4]" started-at="2022-03-31T07:12:30 EDT" name="setup" finished-at="2022-03-31T07:12:34 EDT" duration-ms="4282" status="PASS">
          <reporter-output>
          </reporter-output>
        </test-method> <!-- setup -->
        <test-method signature="Entering_ncdetailsTest(java.lang.String,java.lang.String,java.lang.String,java.lang.String,java.lang.String,java.lang.String,java.lang.String,java.lang.String,java.lang.String,java.lang.String,java.lang.String,java.lang.String,java.lang.String)[pri:0, instance:com.EBanking.Qa.Testcases.EB_NewCustomerPageTest@7f0eb4b4]" started-at="2022-03-31T07:12:34 EDT" name="Entering_ncdetailsTest" data-provider="getEB_NewC_TestData" finished-at="2022-03-31T07:12:35 EDT" duration-ms="1418" status="PASS">
          <params>
            <param index="0">
              <value>
                <![CDATA[Sunday]]>
              </value>
            </param>
            <param index="1">
              <value>
                <![CDATA[Female]]>
              </value>
            </param>
            <param index="2">
              <value>
                <![CDATA[2.0]]>
              </value>
            </param>
            <param index="3">
              <value>
                <![CDATA[12.0]]>
              </value>
            </param>
            <param index="4">
              <value>
                <![CDATA[1234.0]]>
              </value>
            </param>
            <param index="5">
              <value>
                <![CDATA[January Month ]]>
              </value>
            </param>
            <param index="6">
              <value>
                <![CDATA[Bridge Water]]>
              </value>
            </param>
            <param index="7">
              <value>
                <![CDATA[Nj]]>
              </value>
            </param>
            <param index="8">
              <value>
                <![CDATA[123456.0]]>
              </value>
            </param>
            <param index="9">
              <value>
                <![CDATA[8957643.0]]>
              </value>
            </param>
            <param index="10">
              <value>
                <![CDATA[Sunday.jan@gmail.com]]>
              </value>
            </param>
            <param index="11">
              <value>
                <![CDATA[jan123sun]]>
              </value>
            </param>
            <param index="12">
              <value>
                <![CDATA[Entry1]]>
              </value>
            </param>
          </params>
          <reporter-output>
          </reporter-output>
        </test-method> <!-- Entering_ncdetailsTest -->
        <test-method is-config="true" signature="closingdown()[pri:0, instance:com.EBanking.Qa.Testcases.EB_NewCustomerPageTest@7f0eb4b4]" started-at="2022-03-31T07:12:35 EDT" name="closingdown" finished-at="2022-03-31T07:12:36 EDT" duration-ms="221" status="PASS">
          <reporter-output>
          </reporter-output>
        </test-method> <!-- closingdown -->
        <test-method is-config="true" signature="setup()[pri:0, instance:com.EBanking.Qa.Testcases.EB_NewCustomerPageTest@7f0eb4b4]" started-at="2022-03-31T07:12:36 EDT" name="setup" finished-at="2022-03-31T07:12:39 EDT" duration-ms="3333" status="PASS">
          <reporter-output>
          </reporter-output>
        </test-method> <!-- setup -->
        <test-method signature="Entering_ncdetailsTest(java.lang.String,java.lang.String,java.lang.String,java.lang.String,java.lang.String,java.lang.String,java.lang.String,java.lang.String,java.lang.String,java.lang.String,java.lang.String,java.lang.String,java.lang.String)[pri:0, instance:com.EBanking.Qa.Testcases.EB_NewCustomerPageTest@7f0eb4b4]" started-at="2022-03-31T07:12:39 EDT" name="Entering_ncdetailsTest" data-provider="getEB_NewC_TestData" finished-at="2022-03-31T07:12:41 EDT" duration-ms="1554" status="PASS">
          <params>
            <param index="0">
              <value>
                <![CDATA[Monday]]>
              </value>
            </param>
            <param index="1">
              <value>
                <![CDATA[Male]]>
              </value>
            </param>
            <param index="2">
              <value>
                <![CDATA[3.0]]>
              </value>
            </param>
            <param index="3">
              <value>
                <![CDATA[13.0]]>
              </value>
            </param>
            <param index="4">
              <value>
                <![CDATA[4321.0]]>
              </value>
            </param>
            <param index="5">
              <value>
                <![CDATA[Febuary month]]>
              </value>
            </param>
            <param index="6">
              <value>
                <![CDATA[water bridge]]>
              </value>
            </param>
            <param index="7">
              <value>
                <![CDATA[jn]]>
              </value>
            </param>
            <param index="8">
              <value>
                <![CDATA[543213.0]]>
              </value>
            </param>
            <param index="9">
              <value>
                <![CDATA[456783.0]]>
              </value>
            </param>
            <param index="10">
              <value>
                <![CDATA[Monday.feb@gmail.com]]>
              </value>
            </param>
            <param index="11">
              <value>
                <![CDATA[feb123mon]]>
              </value>
            </param>
            <param index="12">
              <value>
                <![CDATA[Entry2]]>
              </value>
            </param>
          </params>
          <reporter-output>
          </reporter-output>
        </test-method> <!-- Entering_ncdetailsTest -->
        <test-method is-config="true" signature="closingdown()[pri:0, instance:com.EBanking.Qa.Testcases.EB_NewCustomerPageTest@7f0eb4b4]" started-at="2022-03-31T07:12:41 EDT" name="closingdown" finished-at="2022-03-31T07:12:41 EDT" duration-ms="186" status="PASS">
          <reporter-output>
          </reporter-output>
        </test-method> <!-- closingdown -->
        <test-method is-config="true" signature="setup()[pri:0, instance:com.EBanking.Qa.Testcases.EB_NewCustomerPageTest@7f0eb4b4]" started-at="2022-03-31T07:12:41 EDT" name="setup" finished-at="2022-03-31T07:12:44 EDT" duration-ms="3211" status="PASS">
          <reporter-output>
          </reporter-output>
        </test-method> <!-- setup -->
        <test-method signature="Entering_ncdetailsTest(java.lang.String,java.lang.String,java.lang.String,java.lang.String,java.lang.String,java.lang.String,java.lang.String,java.lang.String,java.lang.String,java.lang.String,java.lang.String,java.lang.String,java.lang.String)[pri:0, instance:com.EBanking.Qa.Testcases.EB_NewCustomerPageTest@7f0eb4b4]" started-at="2022-03-31T07:12:44 EDT" name="Entering_ncdetailsTest" data-provider="getEB_NewC_TestData" finished-at="2022-03-31T07:12:45 EDT" duration-ms="1479" status="PASS">
          <params>
            <param index="0">
              <value>
                <![CDATA[Tuesday]]>
              </value>
            </param>
            <param index="1">
              <value>
                <![CDATA[Female]]>
              </value>
            </param>
            <param index="2">
              <value>
                <![CDATA[4.0]]>
              </value>
            </param>
            <param index="3">
              <value>
                <![CDATA[14.0]]>
              </value>
            </param>
            <param index="4">
              <value>
                <![CDATA[1234.0]]>
              </value>
            </param>
            <param index="5">
              <value>
                <![CDATA[march month]]>
              </value>
            </param>
            <param index="6">
              <value>
                <![CDATA[middle bridge]]>
              </value>
            </param>
            <param index="7">
              <value>
                <![CDATA[middle st]]>
              </value>
            </param>
            <param index="8">
              <value>
                <![CDATA[987654.0]]>
              </value>
            </param>
            <param index="9">
              <value>
                <![CDATA[9876543.0]]>
              </value>
            </param>
            <param index="10">
              <value>
                <![CDATA[Tuesday/mar@yahoo.com]]>
              </value>
            </param>
            <param index="11">
              <value>
                <![CDATA[mar123tues]]>
              </value>
            </param>
            <param index="12">
              <value>
                <![CDATA[Entry3]]>
              </value>
            </param>
          </params>
          <reporter-output>
          </reporter-output>
        </test-method> <!-- Entering_ncdetailsTest -->
        <test-method is-config="true" signature="closingdown()[pri:0, instance:com.EBanking.Qa.Testcases.EB_NewCustomerPageTest@7f0eb4b4]" started-at="2022-03-31T07:12:45 EDT" name="closingdown" finished-at="2022-03-31T07:12:46 EDT" duration-ms="218" status="PASS">
          <reporter-output>
          </reporter-output>
        </test-method> <!-- closingdown -->
      </class> <!-- com.EBanking.Qa.Testcases.EB_NewCustomerPageTest -->
    </test> <!-- Default test -->
  </suite> <!-- Default suite -->
</testng-results>
